mode: set
github.com/open-telemetry/opentelemetry-collector-contrib/receiver/logsreceiver/config.go:43.43,44.24 1 1
github.com/open-telemetry/opentelemetry-collector-contrib/receiver/logsreceiver/config.go:44.24,46.3 1 1
github.com/open-telemetry/opentelemetry-collector-contrib/receiver/logsreceiver/config.go:48.2,48.71 1 1
github.com/open-telemetry/opentelemetry-collector-contrib/receiver/logsreceiver/config.go:48.71,50.3 1 1
github.com/open-telemetry/opentelemetry-collector-contrib/receiver/logsreceiver/config.go:52.2,52.22 1 1
github.com/open-telemetry/opentelemetry-collector-contrib/receiver/logsreceiver/config.go:52.22,54.3 1 1
github.com/open-telemetry/opentelemetry-collector-contrib/receiver/logsreceiver/config.go:56.2,56.27 1 1
github.com/open-telemetry/opentelemetry-collector-contrib/receiver/logsreceiver/config.go:56.27,58.3 1 1
github.com/open-telemetry/opentelemetry-collector-contrib/receiver/logsreceiver/config.go:60.2,60.24 1 1
github.com/open-telemetry/opentelemetry-collector-contrib/receiver/logsreceiver/config.go:60.24,62.3 1 1
github.com/open-telemetry/opentelemetry-collector-contrib/receiver/logsreceiver/config.go:64.2,64.12 1 1
github.com/open-telemetry/opentelemetry-collector-contrib/receiver/logsreceiver/config.go:67.37,68.27 1 1
github.com/open-telemetry/opentelemetry-collector-contrib/receiver/logsreceiver/config.go:68.27,70.3 1 1
github.com/open-telemetry/opentelemetry-collector-contrib/receiver/logsreceiver/config.go:72.2,72.33 1 1
github.com/open-telemetry/opentelemetry-collector-contrib/receiver/logsreceiver/config.go:72.33,74.3 1 0
github.com/open-telemetry/opentelemetry-collector-contrib/receiver/logsreceiver/config.go:76.2,76.37 1 1
github.com/open-telemetry/opentelemetry-collector-contrib/receiver/logsreceiver/config.go:76.37,77.43 1 1
github.com/open-telemetry/opentelemetry-collector-contrib/receiver/logsreceiver/config.go:77.43,79.4 1 1
github.com/open-telemetry/opentelemetry-collector-contrib/receiver/logsreceiver/config.go:82.2,82.12 1 1
github.com/open-telemetry/opentelemetry-collector-contrib/receiver/logsreceiver/factory.go:27.36,32.2 1 1
github.com/open-telemetry/opentelemetry-collector-contrib/receiver/logsreceiver/factory.go:35.45,40.2 1 1
github.com/open-telemetry/opentelemetry-collector-contrib/receiver/logsreceiver/factory.go:43.141,45.9 2 1
github.com/open-telemetry/opentelemetry-collector-contrib/receiver/logsreceiver/factory.go:45.9,47.3 1 0
github.com/open-telemetry/opentelemetry-collector-contrib/receiver/logsreceiver/factory.go:49.2,50.26 2 1
github.com/open-telemetry/opentelemetry-collector-contrib/receiver/logsreceiver/receiver.go:35.104,43.2 1 1
github.com/open-telemetry/opentelemetry-collector-contrib/receiver/logsreceiver/receiver.go:46.75,56.2 4 1
github.com/open-telemetry/opentelemetry-collector-contrib/receiver/logsreceiver/receiver.go:59.58,60.21 1 1
github.com/open-telemetry/opentelemetry-collector-contrib/receiver/logsreceiver/receiver.go:60.21,62.3 1 1
github.com/open-telemetry/opentelemetry-collector-contrib/receiver/logsreceiver/receiver.go:64.2,66.12 3 1
github.com/open-telemetry/opentelemetry-collector-contrib/receiver/logsreceiver/receiver.go:70.50,79.6 5 1
github.com/open-telemetry/opentelemetry-collector-contrib/receiver/logsreceiver/receiver.go:79.6,80.10 1 1
github.com/open-telemetry/opentelemetry-collector-contrib/receiver/logsreceiver/receiver.go:81.21,82.10 1 1
github.com/open-telemetry/opentelemetry-collector-contrib/receiver/logsreceiver/receiver.go:83.19,84.22 1 1
github.com/open-telemetry/opentelemetry-collector-contrib/receiver/logsreceiver/receiver.go:90.57,93.42 2 1
github.com/open-telemetry/opentelemetry-collector-contrib/receiver/logsreceiver/receiver.go:93.42,95.33 2 1
github.com/open-telemetry/opentelemetry-collector-contrib/receiver/logsreceiver/receiver.go:95.33,97.52 2 1
github.com/open-telemetry/opentelemetry-collector-contrib/receiver/logsreceiver/receiver.go:97.52,101.5 1 1
github.com/open-telemetry/opentelemetry-collector-contrib/receiver/logsreceiver/receiver.go:105.2,105.11 1 1
github.com/open-telemetry/opentelemetry-collector-contrib/receiver/logsreceiver/receiver.go:109.84,111.16 2 1
github.com/open-telemetry/opentelemetry-collector-contrib/receiver/logsreceiver/receiver.go:111.16,113.3 1 0
github.com/open-telemetry/opentelemetry-collector-contrib/receiver/logsreceiver/receiver.go:115.2,120.16 3 1
github.com/open-telemetry/opentelemetry-collector-contrib/receiver/logsreceiver/receiver.go:120.16,122.3 1 1
github.com/open-telemetry/opentelemetry-collector-contrib/receiver/logsreceiver/receiver.go:123.2,125.28 2 1
github.com/open-telemetry/opentelemetry-collector-contrib/receiver/logsreceiver/receiver.go:125.28,127.3 1 1
github.com/open-telemetry/opentelemetry-collector-contrib/receiver/logsreceiver/receiver.go:129.2,130.16 2 1
github.com/open-telemetry/opentelemetry-collector-contrib/receiver/logsreceiver/receiver.go:130.16,132.3 1 0
github.com/open-telemetry/opentelemetry-collector-contrib/receiver/logsreceiver/receiver.go:134.2,135.16 2 1
github.com/open-telemetry/opentelemetry-collector-contrib/receiver/logsreceiver/receiver.go:135.16,137.3 1 1
github.com/open-telemetry/opentelemetry-collector-contrib/receiver/logsreceiver/receiver.go:139.2,139.31 1 1
github.com/open-telemetry/opentelemetry-collector-contrib/receiver/logsreceiver/receiver.go:139.31,140.59 1 1
github.com/open-telemetry/opentelemetry-collector-contrib/receiver/logsreceiver/receiver.go:140.59,142.4 1 0
github.com/open-telemetry/opentelemetry-collector-contrib/receiver/logsreceiver/receiver.go:144.3,146.48 1 1
github.com/open-telemetry/opentelemetry-collector-contrib/receiver/logsreceiver/receiver.go:149.2,149.12 1 1
github.com/open-telemetry/opentelemetry-collector-contrib/receiver/logsreceiver/receiver.go:153.104,155.23 2 1
github.com/open-telemetry/opentelemetry-collector-contrib/receiver/logsreceiver/receiver.go:155.23,157.3 1 1
github.com/open-telemetry/opentelemetry-collector-contrib/receiver/logsreceiver/receiver.go:159.2,160.16 2 1
github.com/open-telemetry/opentelemetry-collector-contrib/receiver/logsreceiver/receiver.go:160.16,162.3 1 0
github.com/open-telemetry/opentelemetry-collector-contrib/receiver/logsreceiver/receiver.go:165.2,165.41 1 1
github.com/open-telemetry/opentelemetry-collector-contrib/receiver/logsreceiver/receiver.go:165.41,167.3 1 0
github.com/open-telemetry/opentelemetry-collector-contrib/receiver/logsreceiver/receiver.go:170.2,170.63 1 1
github.com/open-telemetry/opentelemetry-collector-contrib/receiver/logsreceiver/receiver.go:170.63,171.61 1 1
github.com/open-telemetry/opentelemetry-collector-contrib/receiver/logsreceiver/receiver.go:171.61,173.4 1 1
github.com/open-telemetry/opentelemetry-collector-contrib/receiver/logsreceiver/receiver.go:173.9,175.4 1 1
github.com/open-telemetry/opentelemetry-collector-contrib/receiver/logsreceiver/receiver.go:178.2,178.17 1 1
github.com/open-telemetry/opentelemetry-collector-contrib/receiver/logsreceiver/receiver.go:182.109,186.9 3 1
github.com/open-telemetry/opentelemetry-collector-contrib/receiver/logsreceiver/receiver.go:187.48,188.45 1 1
github.com/open-telemetry/opentelemetry-collector-contrib/receiver/logsreceiver/receiver.go:189.36,190.45 1 1
github.com/open-telemetry/opentelemetry-collector-contrib/receiver/logsreceiver/receiver.go:191.10,192.45 1 1
github.com/open-telemetry/opentelemetry-collector-contrib/receiver/logsreceiver/receiver.go:197.108,199.56 2 1
github.com/open-telemetry/opentelemetry-collector-contrib/receiver/logsreceiver/receiver.go:199.56,202.3 1 1
github.com/open-telemetry/opentelemetry-collector-contrib/receiver/logsreceiver/receiver.go:204.2,214.18 7 1
github.com/open-telemetry/opentelemetry-collector-contrib/receiver/logsreceiver/receiver.go:218.108,227.40 5 1
github.com/open-telemetry/opentelemetry-collector-contrib/receiver/logsreceiver/receiver.go:227.40,229.3 1 0
github.com/open-telemetry/opentelemetry-collector-contrib/receiver/logsreceiver/receiver.go:231.2,235.29 3 1
github.com/open-telemetry/opentelemetry-collector-contrib/receiver/logsreceiver/receiver.go:235.29,237.17 2 1
github.com/open-telemetry/opentelemetry-collector-contrib/receiver/logsreceiver/receiver.go:237.17,238.12 1 1
github.com/open-telemetry/opentelemetry-collector-contrib/receiver/logsreceiver/receiver.go:241.3,245.68 5 1
github.com/open-telemetry/opentelemetry-collector-contrib/receiver/logsreceiver/receiver.go:248.2,248.18 1 1
github.com/open-telemetry/opentelemetry-collector-contrib/receiver/logsreceiver/receiver.go:252.103,259.43 5 1
github.com/open-telemetry/opentelemetry-collector-contrib/receiver/logsreceiver/receiver.go:259.43,260.62 1 1
github.com/open-telemetry/opentelemetry-collector-contrib/receiver/logsreceiver/receiver.go:260.62,262.4 1 1
github.com/open-telemetry/opentelemetry-collector-contrib/receiver/logsreceiver/receiver.go:262.9,264.4 1 1
github.com/open-telemetry/opentelemetry-collector-contrib/receiver/logsreceiver/receiver.go:267.2,267.40 1 1
github.com/open-telemetry/opentelemetry-collector-contrib/receiver/logsreceiver/receiver.go:271.72,272.25 1 1
github.com/open-telemetry/opentelemetry-collector-contrib/receiver/logsreceiver/receiver.go:273.30,275.29 2 1
github.com/open-telemetry/opentelemetry-collector-contrib/receiver/logsreceiver/receiver.go:275.29,278.4 2 1
github.com/open-telemetry/opentelemetry-collector-contrib/receiver/logsreceiver/receiver.go:279.21,281.28 2 1
github.com/open-telemetry/opentelemetry-collector-contrib/receiver/logsreceiver/receiver.go:281.28,284.4 2 1
github.com/open-telemetry/opentelemetry-collector-contrib/receiver/logsreceiver/receiver.go:285.14,286.19 1 1
github.com/open-telemetry/opentelemetry-collector-contrib/receiver/logsreceiver/receiver.go:287.15,288.22 1 1
github.com/open-telemetry/opentelemetry-collector-contrib/receiver/logsreceiver/receiver.go:289.12,290.20 1 0
github.com/open-telemetry/opentelemetry-collector-contrib/receiver/logsreceiver/receiver.go:291.11,293.22 1 0
github.com/open-telemetry/opentelemetry-collector-contrib/receiver/logsreceiver/receiver.go:294.10,295.38 1 0
github.com/open-telemetry/opentelemetry-collector-contrib/receiver/logsreceiver/receiver.go:299.85,300.30 1 1
github.com/open-telemetry/opentelemetry-collector-contrib/receiver/logsreceiver/receiver.go:300.30,302.3 1 0
github.com/open-telemetry/opentelemetry-collector-contrib/receiver/logsreceiver/receiver.go:304.2,307.21 4 1
github.com/open-telemetry/opentelemetry-collector-contrib/receiver/logsreceiver/receiver.go:307.21,309.3 1 1
github.com/open-telemetry/opentelemetry-collector-contrib/receiver/logsreceiver/receiver.go:311.2,311.28 1 1
github.com/open-telemetry/opentelemetry-collector-contrib/receiver/logsreceiver/receiver.go:313.30,314.34 1 1
github.com/open-telemetry/opentelemetry-collector-contrib/receiver/logsreceiver/receiver.go:314.34,315.18 1 1
github.com/open-telemetry/opentelemetry-collector-contrib/receiver/logsreceiver/receiver.go:315.18,317.5 1 1
github.com/open-telemetry/opentelemetry-collector-contrib/receiver/logsreceiver/receiver.go:319.4,319.44 1 1
github.com/open-telemetry/opentelemetry-collector-contrib/receiver/logsreceiver/receiver.go:321.3,321.13 1 1
github.com/open-telemetry/opentelemetry-collector-contrib/receiver/logsreceiver/receiver.go:323.21,325.27 2 1
github.com/open-telemetry/opentelemetry-collector-contrib/receiver/logsreceiver/receiver.go:325.27,327.26 2 1
github.com/open-telemetry/opentelemetry-collector-contrib/receiver/logsreceiver/receiver.go:328.13,328.13 0 0
github.com/open-telemetry/opentelemetry-collector-contrib/receiver/logsreceiver/receiver.go:330.23,331.37 1 1
github.com/open-telemetry/opentelemetry-collector-contrib/receiver/logsreceiver/receiver.go:332.12,333.34 1 1
github.com/open-telemetry/opentelemetry-collector-contrib/receiver/logsreceiver/receiver.go:336.3,336.24 1 1
github.com/open-telemetry/opentelemetry-collector-contrib/receiver/logsreceiver/receiver.go:336.24,338.4 1 0
github.com/open-telemetry/opentelemetry-collector-contrib/receiver/logsreceiver/receiver.go:339.3,339.17 1 1
github.com/open-telemetry/opentelemetry-collector-contrib/receiver/logsreceiver/receiver.go:341.10,342.13 1 0
github.com/open-telemetry/opentelemetry-collector-contrib/receiver/logsreceiver/receiver.go:347.76,348.32 1 1
github.com/open-telemetry/opentelemetry-collector-contrib/receiver/logsreceiver/receiver.go:349.15,350.34 1 1
github.com/open-telemetry/opentelemetry-collector-contrib/receiver/logsreceiver/receiver.go:351.15,352.34 1 1
github.com/open-telemetry/opentelemetry-collector-contrib/receiver/logsreceiver/receiver.go:353.14,354.33 1 1
github.com/open-telemetry/opentelemetry-collector-contrib/receiver/logsreceiver/receiver.go:355.25,356.33 1 1
github.com/open-telemetry/opentelemetry-collector-contrib/receiver/logsreceiver/receiver.go:357.15,358.34 1 1
github.com/open-telemetry/opentelemetry-collector-contrib/receiver/logsreceiver/receiver.go:359.15,360.34 1 1
github.com/open-telemetry/opentelemetry-collector-contrib/receiver/logsreceiver/receiver.go:361.10,362.33 1 1
